The system is: Linux - 4.4.0-47-generic - x86_64
Compiling the CXX compiler identification source file "CMakeCXXCompilerId.cpp" succeeded.
Compiler: /opt/clang_omp/clang-coral/bin/clang++ 
Build flags: 
Id flags: -c

The output was:
0


Compilation of the CXX compiler identification source "CMakeCXXCompilerId.cpp" produced "CMakeCXXCompilerId.o"

The CXX compiler identification is Clang, found in "/home/nikhil/gpu_test/jacobian/CMakeFiles/3.5.1/CompilerIdCXX/CMakeCXXCompilerId.o"

Compiling the CXX compiler identification source file "CMakeCXXCompilerId.cpp" succeeded.
Compiler: /opt/clang_omp/clang-coral/bin/clang++ 
Build flags: 
Id flags: 

The output was:
0


Compilation of the CXX compiler identification source "CMakeCXXCompilerId.cpp" produced "a.out"

The CXX compiler identification is Clang, found in "/home/nikhil/gpu_test/jacobian/CMakeFiles/3.5.1/CompilerIdCXX/a.out"

Determining if the CXX compiler works passed with the following output:
Change Dir: /home/nikhil/gpu_test/jacobian/CMakeFiles/CMakeTmp

Run Build Command:"/usr/bin/make" "cmTC_fbea6/fast"
/usr/bin/make -f CMakeFiles/cmTC_fbea6.dir/build.make CMakeFiles/cmTC_fbea6.dir/build
make[1]: Entering directory '/home/nikhil/gpu_test/jacobian/CMakeFiles/CMakeTmp'
Building CXX object CMakeFiles/cmTC_fbea6.dir/testCXXCompiler.cxx.o
/opt/clang_omp/clang-coral/bin/clang++      -o CMakeFiles/cmTC_fbea6.dir/testCXXCompiler.cxx.o -c /home/nikhil/gpu_test/jacobian/CMakeFiles/CMakeTmp/testCXXCompiler.cxx
Linking CXX executable cmTC_fbea6
/usr/bin/cmake -E cmake_link_script CMakeFiles/cmTC_fbea6.dir/link.txt --verbose=1
/opt/clang_omp/clang-coral/bin/clang++        CMakeFiles/cmTC_fbea6.dir/testCXXCompiler.cxx.o  -o cmTC_fbea6 
make[1]: Leaving directory '/home/nikhil/gpu_test/jacobian/CMakeFiles/CMakeTmp'


Detecting CXX compiler ABI info compiled with the following output:
Change Dir: /home/nikhil/gpu_test/jacobian/CMakeFiles/CMakeTmp

Run Build Command:"/usr/bin/make" "cmTC_e3ab7/fast"
/usr/bin/make -f CMakeFiles/cmTC_e3ab7.dir/build.make CMakeFiles/cmTC_e3ab7.dir/build
make[1]: Entering directory '/home/nikhil/gpu_test/jacobian/CMakeFiles/CMakeTmp'
Building CXX object CMakeFiles/cmTC_e3ab7.dir/CMakeCXXCompilerABI.cpp.o
/opt/clang_omp/clang-coral/bin/clang++      -o CMakeFiles/cmTC_e3ab7.dir/CMakeCXXCompilerABI.cpp.o -c /usr/share/cmake-3.5/Modules/CMakeCXXCompilerABI.cpp
Linking CXX executable cmTC_e3ab7
/usr/bin/cmake -E cmake_link_script CMakeFiles/cmTC_e3ab7.dir/link.txt --verbose=1
/opt/clang_omp/clang-coral/bin/clang++       -v CMakeFiles/cmTC_e3ab7.dir/CMakeCXXCompilerABI.cpp.o  -o cmTC_e3ab7  
clang version 4.0.0 (bbot:/home/bbot/repos/clang.git 7184c34abf15cf60644bf048123c660ccd0719fc) (bbot:/home/bbot/repos/llvm.git d27f7858d6376effd4d33eabdc059c4750ad084a)
Target: x86_64-unknown-linux-gnu
Thread model: posix
InstalledDir: /opt/clang_omp/clang-coral/bin
Found CUDA installation: /usr/local/cuda-8.0, version 8.0
 "/usr/lib/gcc/x86_64-linux-gnu/5/ld" -z relro --hash-style=gnu --eh-frame-hdr -m elf_x86_64 -dynamic-linker /lib64/ld-linux-x86-64.so.2 -o cmTC_e3ab7 /usr/lib/x86_64-linux-gnu/crt1.o /usr/lib/x86_64-linux-gnu/crti.o /usr/lib/gcc/x86_64-linux-gnu/5/crtbegin.o -L/lib/x86_64-linux-gnu -L/lib/../lib64 -L/usr/lib/x86_64-linux-gnu -L/opt/clang_omp/clang-coral/bin/../lib -L/lib -L/usr/lib CMakeFiles/cmTC_e3ab7.dir/CMakeCXXCompilerABI.cpp.o -lstdc++ -lm -lgcc_s -lgcc -lc -lgcc_s -lgcc /usr/lib/gcc/x86_64-linux-gnu/5/crtend.o /usr/lib/x86_64-linux-gnu/crtn.o
make[1]: Leaving directory '/home/nikhil/gpu_test/jacobian/CMakeFiles/CMakeTmp'


Parsed CXX implicit link information from above output:
  link line regex: [^( *|.*[/\])(ld|([^/\]+-)?ld|collect2)[^/\]*( |$)]
  ignore line: [Change Dir: /home/nikhil/gpu_test/jacobian/CMakeFiles/CMakeTmp]
  ignore line: []
  ignore line: [Run Build Command:"/usr/bin/make" "cmTC_e3ab7/fast"]
  ignore line: [/usr/bin/make -f CMakeFiles/cmTC_e3ab7.dir/build.make CMakeFiles/cmTC_e3ab7.dir/build]
  ignore line: [make[1]: Entering directory '/home/nikhil/gpu_test/jacobian/CMakeFiles/CMakeTmp']
  ignore line: [Building CXX object CMakeFiles/cmTC_e3ab7.dir/CMakeCXXCompilerABI.cpp.o]
  ignore line: [/opt/clang_omp/clang-coral/bin/clang++      -o CMakeFiles/cmTC_e3ab7.dir/CMakeCXXCompilerABI.cpp.o -c /usr/share/cmake-3.5/Modules/CMakeCXXCompilerABI.cpp]
  ignore line: [Linking CXX executable cmTC_e3ab7]
  ignore line: [/usr/bin/cmake -E cmake_link_script CMakeFiles/cmTC_e3ab7.dir/link.txt --verbose=1]
  ignore line: [/opt/clang_omp/clang-coral/bin/clang++       -v CMakeFiles/cmTC_e3ab7.dir/CMakeCXXCompilerABI.cpp.o  -o cmTC_e3ab7  ]
  ignore line: [clang version 4.0.0 (bbot:/home/bbot/repos/clang.git 7184c34abf15cf60644bf048123c660ccd0719fc) (bbot:/home/bbot/repos/llvm.git d27f7858d6376effd4d33eabdc059c4750ad084a)]
  ignore line: [Target: x86_64-unknown-linux-gnu]
  ignore line: [Thread model: posix]
  ignore line: [InstalledDir: /opt/clang_omp/clang-coral/bin]
  ignore line: [Found CUDA installation: /usr/local/cuda-8.0, version 8.0]
  link line: [ "/usr/lib/gcc/x86_64-linux-gnu/5/ld" -z relro --hash-style=gnu --eh-frame-hdr -m elf_x86_64 -dynamic-linker /lib64/ld-linux-x86-64.so.2 -o cmTC_e3ab7 /usr/lib/x86_64-linux-gnu/crt1.o /usr/lib/x86_64-linux-gnu/crti.o /usr/lib/gcc/x86_64-linux-gnu/5/crtbegin.o -L/lib/x86_64-linux-gnu -L/lib/../lib64 -L/usr/lib/x86_64-linux-gnu -L/opt/clang_omp/clang-coral/bin/../lib -L/lib -L/usr/lib CMakeFiles/cmTC_e3ab7.dir/CMakeCXXCompilerABI.cpp.o -lstdc++ -lm -lgcc_s -lgcc -lc -lgcc_s -lgcc /usr/lib/gcc/x86_64-linux-gnu/5/crtend.o /usr/lib/x86_64-linux-gnu/crtn.o]
    arg [/usr/lib/gcc/x86_64-linux-gnu/5/ld] ==> ignore
    arg [-zrelro] ==> ignore
    arg [--hash-style=gnu] ==> ignore
    arg [--eh-frame-hdr] ==> ignore
    arg [-m] ==> ignore
    arg [elf_x86_64] ==> ignore
    arg [-dynamic-linker] ==> ignore
    arg [/lib64/ld-linux-x86-64.so.2] ==> ignore
    arg [-o] ==> ignore
    arg [cmTC_e3ab7] ==> ignore
    arg [/usr/lib/x86_64-linux-gnu/crt1.o] ==> ignore
    arg [/usr/lib/x86_64-linux-gnu/crti.o] ==> ignore
    arg [/usr/lib/gcc/x86_64-linux-gnu/5/crtbegin.o] ==> ignore
    arg [-L/lib/x86_64-linux-gnu] ==> dir [/lib/x86_64-linux-gnu]
    arg [-L/lib/../lib64] ==> dir [/lib/../lib64]
    arg [-L/usr/lib/x86_64-linux-gnu] ==> dir [/usr/lib/x86_64-linux-gnu]
    arg [-L/opt/clang_omp/clang-coral/bin/../lib] ==> dir [/opt/clang_omp/clang-coral/bin/../lib]
    arg [-L/lib] ==> dir [/lib]
    arg [-L/usr/lib] ==> dir [/usr/lib]
    arg [CMakeFiles/cmTC_e3ab7.dir/CMakeCXXCompilerABI.cpp.o] ==> ignore
    arg [-lstdc++] ==> lib [stdc++]
    arg [-lm] ==> lib [m]
    arg [-lgcc_s] ==> lib [gcc_s]
    arg [-lgcc] ==> lib [gcc]
    arg [-lc] ==> lib [c]
    arg [-lgcc_s] ==> lib [gcc_s]
    arg [-lgcc] ==> lib [gcc]
    arg [/usr/lib/gcc/x86_64-linux-gnu/5/crtend.o] ==> ignore
    arg [/usr/lib/x86_64-linux-gnu/crtn.o] ==> ignore
  remove lib [gcc_s]
  remove lib [gcc]
  remove lib [gcc_s]
  remove lib [gcc]
  collapse library dir [/lib/x86_64-linux-gnu] ==> [/lib/x86_64-linux-gnu]
  collapse library dir [/lib/../lib64] ==> [/lib64]
  collapse library dir [/usr/lib/x86_64-linux-gnu] ==> [/usr/lib/x86_64-linux-gnu]
  collapse library dir [/opt/clang_omp/clang-coral/bin/../lib] ==> [/opt/clang_omp/clang-coral/lib]
  collapse library dir [/lib] ==> [/lib]
  collapse library dir [/usr/lib] ==> [/usr/lib]
  implicit libs: [stdc++;m;c]
  implicit dirs: [/lib/x86_64-linux-gnu;/lib64;/usr/lib/x86_64-linux-gnu;/opt/clang_omp/clang-coral/lib;/lib;/usr/lib]
  implicit fwks: []




Detecting CXX [-std=c++14] compiler features compiled with the following output:
Change Dir: /home/nikhil/gpu_test/jacobian/CMakeFiles/CMakeTmp

Run Build Command:"/usr/bin/make" "cmTC_d381e/fast"
/usr/bin/make -f CMakeFiles/cmTC_d381e.dir/build.make CMakeFiles/cmTC_d381e.dir/build
make[1]: Entering directory '/home/nikhil/gpu_test/jacobian/CMakeFiles/CMakeTmp'
Building CXX object CMakeFiles/cmTC_d381e.dir/feature_tests.cxx.o
/opt/clang_omp/clang-coral/bin/clang++     -std=c++14 -o CMakeFiles/cmTC_d381e.dir/feature_tests.cxx.o -c /home/nikhil/gpu_test/jacobian/CMakeFiles/feature_tests.cxx
Linking CXX executable cmTC_d381e
/usr/bin/cmake -E cmake_link_script CMakeFiles/cmTC_d381e.dir/link.txt --verbose=1
/opt/clang_omp/clang-coral/bin/clang++        CMakeFiles/cmTC_d381e.dir/feature_tests.cxx.o  -o cmTC_d381e 
make[1]: Leaving directory '/home/nikhil/gpu_test/jacobian/CMakeFiles/CMakeTmp'


    Feature record: CXX_FEATURE:1cxx_aggregate_default_initializers
    Feature record: CXX_FEATURE:1cxx_alias_templates
    Feature record: CXX_FEATURE:1cxx_alignas
    Feature record: CXX_FEATURE:1cxx_alignof
    Feature record: CXX_FEATURE:1cxx_attributes
    Feature record: CXX_FEATURE:1cxx_attribute_deprecated
    Feature record: CXX_FEATURE:1cxx_auto_type
    Feature record: CXX_FEATURE:1cxx_binary_literals
    Feature record: CXX_FEATURE:1cxx_constexpr
    Feature record: CXX_FEATURE:1cxx_contextual_conversions
    Feature record: CXX_FEATURE:1cxx_decltype
    Feature record: CXX_FEATURE:1cxx_decltype_auto
    Feature record: CXX_FEATURE:1cxx_decltype_incomplete_return_types
    Feature record: CXX_FEATURE:1cxx_default_function_template_args
    Feature record: CXX_FEATURE:1cxx_defaulted_functions
    Feature record: CXX_FEATURE:1cxx_defaulted_move_initializers
    Feature record: CXX_FEATURE:1cxx_delegating_constructors
    Feature record: CXX_FEATURE:1cxx_deleted_functions
    Feature record: CXX_FEATURE:1cxx_digit_separators
    Feature record: CXX_FEATURE:1cxx_enum_forward_declarations
    Feature record: CXX_FEATURE:1cxx_explicit_conversions
    Feature record: CXX_FEATURE:1cxx_extended_friend_declarations
    Feature record: CXX_FEATURE:1cxx_extern_templates
    Feature record: CXX_FEATURE:1cxx_final
    Feature record: CXX_FEATURE:1cxx_func_identifier
    Feature record: CXX_FEATURE:1cxx_generalized_initializers
    Feature record: CXX_FEATURE:1cxx_generic_lambdas
    Feature record: CXX_FEATURE:1cxx_inheriting_constructors
    Feature record: CXX_FEATURE:1cxx_inline_namespaces
    Feature record: CXX_FEATURE:1cxx_lambdas
    Feature record: CXX_FEATURE:1cxx_lambda_init_captures
    Feature record: CXX_FEATURE:1cxx_local_type_template_args
    Feature record: CXX_FEATURE:1cxx_long_long_type
    Feature record: CXX_FEATURE:1cxx_noexcept
    Feature record: CXX_FEATURE:1cxx_nonstatic_member_init
    Feature record: CXX_FEATURE:1cxx_nullptr
    Feature record: CXX_FEATURE:1cxx_override
    Feature record: CXX_FEATURE:1cxx_range_for
    Feature record: CXX_FEATURE:1cxx_raw_string_literals
    Feature record: CXX_FEATURE:1cxx_reference_qualified_functions
    Feature record: CXX_FEATURE:1cxx_relaxed_constexpr
    Feature record: CXX_FEATURE:1cxx_return_type_deduction
    Feature record: CXX_FEATURE:1cxx_right_angle_brackets
    Feature record: CXX_FEATURE:1cxx_rvalue_references
    Feature record: CXX_FEATURE:1cxx_sizeof_member
    Feature record: CXX_FEATURE:1cxx_static_assert
    Feature record: CXX_FEATURE:1cxx_strong_enums
    Feature record: CXX_FEATURE:1cxx_template_template_parameters
    Feature record: CXX_FEATURE:1cxx_thread_local
    Feature record: CXX_FEATURE:1cxx_trailing_return_types
    Feature record: CXX_FEATURE:1cxx_unicode_literals
    Feature record: CXX_FEATURE:1cxx_uniform_initialization
    Feature record: CXX_FEATURE:1cxx_unrestricted_unions
    Feature record: CXX_FEATURE:1cxx_user_literals
    Feature record: CXX_FEATURE:1cxx_variable_templates
    Feature record: CXX_FEATURE:1cxx_variadic_macros
    Feature record: CXX_FEATURE:1cxx_variadic_templates


Detecting CXX [-std=c++11] compiler features compiled with the following output:
Change Dir: /home/nikhil/gpu_test/jacobian/CMakeFiles/CMakeTmp

Run Build Command:"/usr/bin/make" "cmTC_459b8/fast"
/usr/bin/make -f CMakeFiles/cmTC_459b8.dir/build.make CMakeFiles/cmTC_459b8.dir/build
make[1]: Entering directory '/home/nikhil/gpu_test/jacobian/CMakeFiles/CMakeTmp'
Building CXX object CMakeFiles/cmTC_459b8.dir/feature_tests.cxx.o
/opt/clang_omp/clang-coral/bin/clang++     -std=c++11 -o CMakeFiles/cmTC_459b8.dir/feature_tests.cxx.o -c /home/nikhil/gpu_test/jacobian/CMakeFiles/feature_tests.cxx
Linking CXX executable cmTC_459b8
/usr/bin/cmake -E cmake_link_script CMakeFiles/cmTC_459b8.dir/link.txt --verbose=1
/opt/clang_omp/clang-coral/bin/clang++        CMakeFiles/cmTC_459b8.dir/feature_tests.cxx.o  -o cmTC_459b8 
make[1]: Leaving directory '/home/nikhil/gpu_test/jacobian/CMakeFiles/CMakeTmp'


    Feature record: CXX_FEATURE:0cxx_aggregate_default_initializers
    Feature record: CXX_FEATURE:1cxx_alias_templates
    Feature record: CXX_FEATURE:1cxx_alignas
    Feature record: CXX_FEATURE:1cxx_alignof
    Feature record: CXX_FEATURE:1cxx_attributes
    Feature record: CXX_FEATURE:0cxx_attribute_deprecated
    Feature record: CXX_FEATURE:1cxx_auto_type
    Feature record: CXX_FEATURE:0cxx_binary_literals
    Feature record: CXX_FEATURE:1cxx_constexpr
    Feature record: CXX_FEATURE:0cxx_contextual_conversions
    Feature record: CXX_FEATURE:1cxx_decltype
    Feature record: CXX_FEATURE:0cxx_decltype_auto
    Feature record: CXX_FEATURE:1cxx_decltype_incomplete_return_types
    Feature record: CXX_FEATURE:1cxx_default_function_template_args
    Feature record: CXX_FEATURE:1cxx_defaulted_functions
    Feature record: CXX_FEATURE:1cxx_defaulted_move_initializers
    Feature record: CXX_FEATURE:1cxx_delegating_constructors
    Feature record: CXX_FEATURE:1cxx_deleted_functions
    Feature record: CXX_FEATURE:0cxx_digit_separators
    Feature record: CXX_FEATURE:1cxx_enum_forward_declarations
    Feature record: CXX_FEATURE:1cxx_explicit_conversions
    Feature record: CXX_FEATURE:1cxx_extended_friend_declarations
    Feature record: CXX_FEATURE:1cxx_extern_templates
    Feature record: CXX_FEATURE:1cxx_final
    Feature record: CXX_FEATURE:1cxx_func_identifier
    Feature record: CXX_FEATURE:1cxx_generalized_initializers
    Feature record: CXX_FEATURE:0cxx_generic_lambdas
    Feature record: CXX_FEATURE:1cxx_inheriting_constructors
    Feature record: CXX_FEATURE:1cxx_inline_namespaces
    Feature record: CXX_FEATURE:1cxx_lambdas
    Feature record: CXX_FEATURE:0cxx_lambda_init_captures
    Feature record: CXX_FEATURE:1cxx_local_type_template_args
    Feature record: CXX_FEATURE:1cxx_long_long_type
    Feature record: CXX_FEATURE:1cxx_noexcept
    Feature record: CXX_FEATURE:1cxx_nonstatic_member_init
    Feature record: CXX_FEATURE:1cxx_nullptr
    Feature record: CXX_FEATURE:1cxx_override
    Feature record: CXX_FEATURE:1cxx_range_for
    Feature record: CXX_FEATURE:1cxx_raw_string_literals
    Feature record: CXX_FEATURE:1cxx_reference_qualified_functions
    Feature record: CXX_FEATURE:0cxx_relaxed_constexpr
    Feature record: CXX_FEATURE:0cxx_return_type_deduction
    Feature record: CXX_FEATURE:1cxx_right_angle_brackets
    Feature record: CXX_FEATURE:1cxx_rvalue_references
    Feature record: CXX_FEATURE:1cxx_sizeof_member
    Feature record: CXX_FEATURE:1cxx_static_assert
    Feature record: CXX_FEATURE:1cxx_strong_enums
    Feature record: CXX_FEATURE:1cxx_template_template_parameters
    Feature record: CXX_FEATURE:1cxx_thread_local
    Feature record: CXX_FEATURE:1cxx_trailing_return_types
    Feature record: CXX_FEATURE:1cxx_unicode_literals
    Feature record: CXX_FEATURE:1cxx_uniform_initialization
    Feature record: CXX_FEATURE:1cxx_unrestricted_unions
    Feature record: CXX_FEATURE:1cxx_user_literals
    Feature record: CXX_FEATURE:0cxx_variable_templates
    Feature record: CXX_FEATURE:1cxx_variadic_macros
    Feature record: CXX_FEATURE:1cxx_variadic_templates


Detecting CXX [-std=c++98] compiler features compiled with the following output:
Change Dir: /home/nikhil/gpu_test/jacobian/CMakeFiles/CMakeTmp

Run Build Command:"/usr/bin/make" "cmTC_8ad2d/fast"
/usr/bin/make -f CMakeFiles/cmTC_8ad2d.dir/build.make CMakeFiles/cmTC_8ad2d.dir/build
make[1]: Entering directory '/home/nikhil/gpu_test/jacobian/CMakeFiles/CMakeTmp'
Building CXX object CMakeFiles/cmTC_8ad2d.dir/feature_tests.cxx.o
/opt/clang_omp/clang-coral/bin/clang++     -std=c++98 -o CMakeFiles/cmTC_8ad2d.dir/feature_tests.cxx.o -c /home/nikhil/gpu_test/jacobian/CMakeFiles/feature_tests.cxx
Linking CXX executable cmTC_8ad2d
/usr/bin/cmake -E cmake_link_script CMakeFiles/cmTC_8ad2d.dir/link.txt --verbose=1
/opt/clang_omp/clang-coral/bin/clang++        CMakeFiles/cmTC_8ad2d.dir/feature_tests.cxx.o  -o cmTC_8ad2d 
make[1]: Leaving directory '/home/nikhil/gpu_test/jacobian/CMakeFiles/CMakeTmp'


    Feature record: CXX_FEATURE:0cxx_aggregate_default_initializers
    Feature record: CXX_FEATURE:0cxx_alias_templates
    Feature record: CXX_FEATURE:0cxx_alignas
    Feature record: CXX_FEATURE:0cxx_alignof
    Feature record: CXX_FEATURE:0cxx_attributes
    Feature record: CXX_FEATURE:0cxx_attribute_deprecated
    Feature record: CXX_FEATURE:0cxx_auto_type
    Feature record: CXX_FEATURE:0cxx_binary_literals
    Feature record: CXX_FEATURE:0cxx_constexpr
    Feature record: CXX_FEATURE:0cxx_contextual_conversions
    Feature record: CXX_FEATURE:0cxx_decltype
    Feature record: CXX_FEATURE:0cxx_decltype_auto
    Feature record: CXX_FEATURE:0cxx_decltype_incomplete_return_types
    Feature record: CXX_FEATURE:0cxx_default_function_template_args
    Feature record: CXX_FEATURE:0cxx_defaulted_functions
    Feature record: CXX_FEATURE:0cxx_defaulted_move_initializers
    Feature record: CXX_FEATURE:0cxx_delegating_constructors
    Feature record: CXX_FEATURE:0cxx_deleted_functions
    Feature record: CXX_FEATURE:0cxx_digit_separators
    Feature record: CXX_FEATURE:0cxx_enum_forward_declarations
    Feature record: CXX_FEATURE:0cxx_explicit_conversions
    Feature record: CXX_FEATURE:0cxx_extended_friend_declarations
    Feature record: CXX_FEATURE:0cxx_extern_templates
    Feature record: CXX_FEATURE:0cxx_final
    Feature record: CXX_FEATURE:0cxx_func_identifier
    Feature record: CXX_FEATURE:0cxx_generalized_initializers
    Feature record: CXX_FEATURE:0cxx_generic_lambdas
    Feature record: CXX_FEATURE:0cxx_inheriting_constructors
    Feature record: CXX_FEATURE:0cxx_inline_namespaces
    Feature record: CXX_FEATURE:0cxx_lambdas
    Feature record: CXX_FEATURE:0cxx_lambda_init_captures
    Feature record: CXX_FEATURE:0cxx_local_type_template_args
    Feature record: CXX_FEATURE:0cxx_long_long_type
    Feature record: CXX_FEATURE:0cxx_noexcept
    Feature record: CXX_FEATURE:0cxx_nonstatic_member_init
    Feature record: CXX_FEATURE:0cxx_nullptr
    Feature record: CXX_FEATURE:0cxx_override
    Feature record: CXX_FEATURE:0cxx_range_for
    Feature record: CXX_FEATURE:0cxx_raw_string_literals
    Feature record: CXX_FEATURE:0cxx_reference_qualified_functions
    Feature record: CXX_FEATURE:0cxx_relaxed_constexpr
    Feature record: CXX_FEATURE:0cxx_return_type_deduction
    Feature record: CXX_FEATURE:0cxx_right_angle_brackets
    Feature record: CXX_FEATURE:0cxx_rvalue_references
    Feature record: CXX_FEATURE:0cxx_sizeof_member
    Feature record: CXX_FEATURE:0cxx_static_assert
    Feature record: CXX_FEATURE:0cxx_strong_enums
    Feature record: CXX_FEATURE:1cxx_template_template_parameters
    Feature record: CXX_FEATURE:0cxx_thread_local
    Feature record: CXX_FEATURE:0cxx_trailing_return_types
    Feature record: CXX_FEATURE:0cxx_unicode_literals
    Feature record: CXX_FEATURE:0cxx_uniform_initialization
    Feature record: CXX_FEATURE:0cxx_unrestricted_unions
    Feature record: CXX_FEATURE:0cxx_user_literals
    Feature record: CXX_FEATURE:0cxx_variable_templates
    Feature record: CXX_FEATURE:0cxx_variadic_macros
    Feature record: CXX_FEATURE:0cxx_variadic_templates
