Compiling the CXX compiler identification source file "CMakeCXXCompilerId.cpp" failed.
Compiler: /opt/clang_omp/clang-coral/bin/clang++ 
Build flags: 
Id flags: 

The output was:
1
/usr/bin/ld: cannot find crtend.o: No such file or directory
clang-4.0: error: linker command failed with exit code 1 (use -v to see invocation)


Determining if the CXX compiler works failed with the following output:
Change Dir: /home/nikhil/gpu_test/jacobian/CMakeFiles/CMakeTmp

Run Build Command:"/usr/bin/make" "cmTC_59af4/fast"
/usr/bin/make -f CMakeFiles/cmTC_59af4.dir/build.make CMakeFiles/cmTC_59af4.dir/build
make[1]: Entering directory '/home/nikhil/gpu_test/jacobian/CMakeFiles/CMakeTmp'
Building CXX object CMakeFiles/cmTC_59af4.dir/testCXXCompiler.cxx.o
/opt/clang_omp/clang-coral/bin/clang++      -o CMakeFiles/cmTC_59af4.dir/testCXXCompiler.cxx.o -c /home/nikhil/gpu_test/jacobian/CMakeFiles/CMakeTmp/testCXXCompiler.cxx
Linking CXX executable cmTC_59af4
/usr/bin/cmake -E cmake_link_script CMakeFiles/cmTC_59af4.dir/link.txt --verbose=1
/opt/clang_omp/clang-coral/bin/clang++        CMakeFiles/cmTC_59af4.dir/testCXXCompiler.cxx.o  -o cmTC_59af4 
/usr/bin/ld: cannot find crtend.o: No such file or directory
clang-4.0: error: linker command failed with exit code 1 (use -v to see invocation)
CMakeFiles/cmTC_59af4.dir/build.make:97: recipe for target 'cmTC_59af4' failed
make[1]: *** [cmTC_59af4] Error 1
make[1]: Leaving directory '/home/nikhil/gpu_test/jacobian/CMakeFiles/CMakeTmp'
Makefile:126: recipe for target 'cmTC_59af4/fast' failed
make: *** [cmTC_59af4/fast] Error 2


